Listening on port 5000
-------------------req-------------------
IncomingMessage {
  _readableState: 
   ReadableState {
     objectMode: false,
     highWaterMark: 16384,
     buffer: BufferList { head: null, tail: null, length: 0 },
     length: 0,
     pipes: null,
     pipesCount: 0,
     flowing: null,
     ended: false,
     endEmitted: false,
     reading: false,
     sync: true,
     needReadable: false,
     emittedReadable: false,
     readableListening: false,
     resumeScheduled: false,
     destroyed: false,
     defaultEncoding: 'utf8',
     awaitDrain: 0,
     readingMore: true,
     decoder: null,
     encoding: null },
  readable: true,
  domain: null,
  _events: {},
  _eventsCount: 0,
  _maxListeners: undefined,
  socket: 
   Socket {
     connecting: false,
     _hadError: false,
     _handle: 
      TCP {
        reading: true,
        owner: [Circular],
        onread: [Function: onread],
        onconnection: null,
        writeQueueSize: 0,
        _consumed: true },
     _parent: null,
     _host: null,
     _readableState: 
      ReadableState {
        objectMode: false,
        highWaterMark: 16384,
        buffer: [BufferList],
        length: 0,
        pipes: null,
        pipesCount: 0,
        flowing: true,
        ended: false,
        endEmitted: false,
        reading: true,
        sync: false,
        needReadable: true,
        emittedReadable: false,
        readableListening: false,
        resumeScheduled: false,
        destroyed: false,
        defaultEncoding: 'utf8',
        awaitDrain: 0,
        readingMore: false,
        decoder: null,
        encoding: null },
     readable: true,
     domain: null,
     _events: 
      { end: [Array],
        finish: [Function: onSocketFinish],
        _socketEnd: [Function: onSocketEnd],
        drain: [Array],
        timeout: [Function: socketOnTimeout],
        data: [Function: bound socketOnData],
        error: [Function: socketOnError],
        close: [Array],
        resume: [Function: onSocketResume],
        pause: [Function: onSocketPause] },
     _eventsCount: 10,
     _maxListeners: undefined,
     _writableState: 
      WritableState {
        objectMode: false,
        highWaterMark: 16384,
        finalCalled: false,
        needDrain: false,
        ending: false,
        ended: false,
        finished: false,
        destroyed: false,
        decodeStrings: false,
        defaultEncoding: 'utf8',
        length: 0,
        writing: false,
        corked: 0,
        sync: false,
        bufferProcessing: false,
        onwrite: [Function: bound onwrite],
        writecb: null,
        writelen: 0,
        bufferedRequest: null,
        lastBufferedRequest: null,
        pendingcb: 1,
        prefinished: false,
        errorEmitted: false,
        bufferedRequestCount: 0,
        corkedRequestsFree: [Object] },
     writable: true,
     allowHalfOpen: true,
     _bytesDispatched: 154,
     _sockname: null,
     _pendingData: null,
     _pendingEncoding: '',
     server: 
      Server {
        domain: null,
        _events: [Object],
        _eventsCount: 2,
        _maxListeners: undefined,
        _connections: 3,
        _handle: [TCP],
        _usingWorkers: false,
        _workers: [],
        _unref: false,
        allowHalfOpen: true,
        pauseOnConnect: false,
        httpAllowHalfOpen: false,
        timeout: 120000,
        keepAliveTimeout: 5000,
        _pendingResponseData: 0,
        maxHeadersCount: null,
        _connectionKey: '6::::5000',
        [Symbol(asyncId)]: 5 },
     _server: 
      Server {
        domain: null,
        _events: [Object],
        _eventsCount: 2,
        _maxListeners: undefined,
        _connections: 3,
        _handle: [TCP],
        _usingWorkers: false,
        _workers: [],
        _unref: false,
        allowHalfOpen: true,
        pauseOnConnect: false,
        httpAllowHalfOpen: false,
        timeout: 120000,
        keepAliveTimeout: 5000,
        _pendingResponseData: 0,
        maxHeadersCount: null,
        _connectionKey: '6::::5000',
        [Symbol(asyncId)]: 5 },
     _idleTimeout: 120000,
     _idleNext: 
      Socket {
        connecting: false,
        _hadError: false,
        _handle: [TCP],
        _parent: null,
        _host: null,
        _readableState: [ReadableState],
        readable: true,
        domain: null,
        _events: [Object],
        _eventsCount: 10,
        _maxListeners: undefined,
        _writableState: [WritableState],
        writable: true,
        allowHalfOpen: true,
        _bytesDispatched: 0,
        _sockname: null,
        _pendingData: null,
        _pendingEncoding: '',
        server: [Server],
        _server: [Server],
        _idleTimeout: 120000,
        _idleNext: [Socket],
        _idlePrev: [Circular],
        _idleStart: 3453,
        _destroyed: false,
        parser: [HTTPParser],
        on: [Function: socketOnWrap],
        _paused: false,
        read: [Function],
        _consuming: true,
        [Symbol(asyncId)]: 19,
        [Symbol(bytesRead)]: 0,
        [Symbol(asyncId)]: 20,
        [Symbol(triggerAsyncId)]: 5 },
     _idlePrev: 
      TimersList {
        _idleNext: [Circular],
        _idlePrev: [Socket],
        _unrefed: true,
        msecs: 120000,
        nextTick: false,
        _timer: [Timer] },
     _idleStart: 3461,
     _destroyed: false,
     parser: 
      HTTPParser {
        '0': [Function: parserOnHeaders],
        '1': [Function: parserOnHeadersComplete],
        '2': [Function: parserOnBody],
        '3': [Function: parserOnMessageComplete],
        '4': [Function: bound onParserExecute],
        _headers: [],
        _url: '',
        _consumed: true,
        socket: [Circular],
        incoming: [Circular],
        outgoing: null,
        maxHeaderPairs: 2000,
        onIncoming: [Function: bound parserOnIncoming] },
     on: [Function: socketOnWrap],
     _paused: false,
     read: [Function],
     _consuming: true,
     _httpMessage: 
      ServerResponse {
        domain: null,
        _events: [Object],
        _eventsCount: 1,
        _maxListeners: undefined,
        output: [],
        outputEncodings: [],
        outputCallbacks: [],
        outputSize: 0,
        writable: true,
        _last: false,
        upgrading: false,
        chunkedEncoding: false,
        shouldKeepAlive: true,
        useChunkedEncodingByDefault: true,
        sendDate: true,
        _removedConnection: false,
        _removedContLen: true,
        _removedTE: true,
        _contentLength: 0,
        _hasBody: false,
        _trailer: '',
        finished: true,
        _headerSent: true,
        socket: [Circular],
        connection: [Circular],
        _header: 'HTTP/1.1 304 Not Modified\r\nX-Powered-By: Express\r\nETag: W/"4-qUqP5cyxm6YcTAhz05Hph5gvu9M"\r\nDate: Thu, 25 Jan 2018 00:36:49 GMT\r\nConnection: keep-alive\r\n\r\n',
        _onPendingData: [Function: bound updateOutgoingData],
        _sent100: false,
        _expect_continue: false,
        req: [Circular],
        locals: {},
        statusCode: 304,
        statusMessage: 'Not Modified',
        [Symbol(outHeadersKey)]: [Object] },
     [Symbol(asyncId)]: 8,
     [Symbol(bytesRead)]: 0,
     [Symbol(asyncId)]: 10,
     [Symbol(triggerAsyncId)]: 5 },
  connection: 
   Socket {
     connecting: false,
     _hadError: false,
     _handle: 
      TCP {
        reading: true,
        owner: [Circular],
        onread: [Function: onread],
        onconnection: null,
        writeQueueSize: 0,
        _consumed: true },
     _parent: null,
     _host: null,
     _readableState: 
      ReadableState {
        objectMode: false,
        highWaterMark: 16384,
        buffer: [BufferList],
        length: 0,
        pipes: null,
        pipesCount: 0,
        flowing: true,
        ended: false,
        endEmitted: false,
        reading: true,
        sync: false,
        needReadable: true,
        emittedReadable: false,
        readableListening: false,
        resumeScheduled: false,
        destroyed: false,
        defaultEncoding: 'utf8',
        awaitDrain: 0,
        readingMore: false,
        decoder: null,
        encoding: null },
     readable: true,
     domain: null,
     _events: 
      { end: [Array],
        finish: [Function: onSocketFinish],
        _socketEnd: [Function: onSocketEnd],
        drain: [Array],
        timeout: [Function: socketOnTimeout],
        data: [Function: bound socketOnData],
        error: [Function: socketOnError],
        close: [Array],
        resume: [Function: onSocketResume],
        pause: [Function: onSocketPause] },
     _eventsCount: 10,
     _maxListeners: undefined,
     _writableState: 
      WritableState {
        objectMode: false,
        highWaterMark: 16384,
        finalCalled: false,
        needDrain: false,
        ending: false,
        ended: false,
        finished: false,
        destroyed: false,
        decodeStrings: false,
        defaultEncoding: 'utf8',
        length: 0,
        writing: false,
        corked: 0,
        sync: false,
        bufferProcessing: false,
        onwrite: [Function: bound onwrite],
        writecb: null,
        writelen: 0,
        bufferedRequest: null,
        lastBufferedRequest: null,
        pendingcb: 1,
        prefinished: false,
        errorEmitted: false,
        bufferedRequestCount: 0,
        corkedRequestsFree: [Object] },
     writable: true,
     allowHalfOpen: true,
     _bytesDispatched: 154,
     _sockname: null,
     _pendingData: null,
     _pendingEncoding: '',
     server: 
      Server {
        domain: null,
        _events: [Object],
        _eventsCount: 2,
        _maxListeners: undefined,
        _connections: 3,
        _handle: [TCP],
        _usingWorkers: false,
        _workers: [],
        _unref: false,
        allowHalfOpen: true,
        pauseOnConnect: false,
        httpAllowHalfOpen: false,
        timeout: 120000,
        keepAliveTimeout: 5000,
        _pendingResponseData: 0,
        maxHeadersCount: null,
        _connectionKey: '6::::5000',
        [Symbol(asyncId)]: 5 },
     _server: 
      Server {
        domain: null,
        _events: [Object],
        _eventsCount: 2,
        _maxListeners: undefined,
        _connections: 3,
        _handle: [TCP],
        _usingWorkers: false,
        _workers: [],
        _unref: false,
        allowHalfOpen: true,
        pauseOnConnect: false,
        httpAllowHalfOpen: false,
        timeout: 120000,
        keepAliveTimeout: 5000,
        _pendingResponseData: 0,
        maxHeadersCount: null,
        _connectionKey: '6::::5000',
        [Symbol(asyncId)]: 5 },
     _idleTimeout: 120000,
     _idleNext: 
      Socket {
        connecting: false,
        _hadError: false,
        _handle: [TCP],
        _parent: null,
        _host: null,
        _readableState: [ReadableState],
        readable: true,
        domain: null,
        _events: [Object],
        _eventsCount: 10,
        _maxListeners: undefined,
        _writableState: [WritableState],
        writable: true,
        allowHalfOpen: true,
        _bytesDispatched: 0,
        _sockname: null,
        _pendingData: null,
        _pendingEncoding: '',
        server: [Server],
        _server: [Server],
        _idleTimeout: 120000,
        _idleNext: [Socket],
        _idlePrev: [Circular],
        _idleStart: 3453,
        _destroyed: false,
        parser: [HTTPParser],
        on: [Function: socketOnWrap],
        _paused: false,
        read: [Function],
        _consuming: true,
        [Symbol(asyncId)]: 19,
        [Symbol(bytesRead)]: 0,
        [Symbol(asyncId)]: 20,
        [Symbol(triggerAsyncId)]: 5 },
     _idlePrev: 
      TimersList {
        _idleNext: [Circular],
        _idlePrev: [Socket],
        _unrefed: true,
        msecs: 120000,
        nextTick: false,
        _timer: [Timer] },
     _idleStart: 3461,
     _destroyed: false,
     parser: 
      HTTPParser {
        '0': [Function: parserOnHeaders],
        '1': [Function: parserOnHeadersComplete],
        '2': [Function: parserOnBody],
        '3': [Function: parserOnMessageComplete],
        '4': [Function: bound onParserExecute],
        _headers: [],
        _url: '',
        _consumed: true,
        socket: [Circular],
        incoming: [Circular],
        outgoing: null,
        maxHeaderPairs: 2000,
        onIncoming: [Function: bound parserOnIncoming] },
     on: [Function: socketOnWrap],
     _paused: false,
     read: [Function],
     _consuming: true,
     _httpMessage: 
      ServerResponse {
        domain: null,
        _events: [Object],
        _eventsCount: 1,
        _maxListeners: undefined,
        output: [],
        outputEncodings: [],
        outputCallbacks: [],
        outputSize: 0,
        writable: true,
        _last: false,
        upgrading: false,
        chunkedEncoding: false,
        shouldKeepAlive: true,
        useChunkedEncodingByDefault: true,
        sendDate: true,
        _removedConnection: false,
        _removedContLen: true,
        _removedTE: true,
        _contentLength: 0,
        _hasBody: false,
        _trailer: '',
        finished: true,
        _headerSent: true,
        socket: [Circular],
        connection: [Circular],
        _header: 'HTTP/1.1 304 Not Modified\r\nX-Powered-By: Express\r\nETag: W/"4-qUqP5cyxm6YcTAhz05Hph5gvu9M"\r\nDate: Thu, 25 Jan 2018 00:36:49 GMT\r\nConnection: keep-alive\r\n\r\n',
        _onPendingData: [Function: bound updateOutgoingData],
        _sent100: false,
        _expect_continue: false,
        req: [Circular],
        locals: {},
        statusCode: 304,
        statusMessage: 'Not Modified',
        [Symbol(outHeadersKey)]: [Object] },
     [Symbol(asyncId)]: 8,
     [Symbol(bytesRead)]: 0,
     [Symbol(asyncId)]: 10,
     [Symbol(triggerAsyncId)]: 5 },
  httpVersionMajor: 1,
  httpVersionMinor: 1,
  httpVersion: '1.1',
  complete: false,
  headers: 
   { host: 'localhost:5000',
     connection: 'keep-alive',
     'cache-control': 'max-age=0',
     'user-agent': 'Mozilla/5.0 (Macintosh; Intel Mac OS X 10_12_6) AppleWebKit/537.36 (KHTML, like Gecko) Chrome/63.0.3239.132 Safari/537.36',
     'upgrade-insecure-requests': '1',
     accept: 'text/html,application/xhtml+xml,application/xml;q=0.9,image/webp,image/apng,*/*;q=0.8',
     'accept-encoding': 'gzip, deflate, br',
     'accept-language': 'en-US,en;q=0.9',
     'if-none-match': 'W/"4-qUqP5cyxm6YcTAhz05Hph5gvu9M"' },
  rawHeaders: 
   [ 'Host',
     'localhost:5000',
     'Connection',
     'keep-alive',
     'Cache-Control',
     'max-age=0',
     'User-Agent',
     'Mozilla/5.0 (Macintosh; Intel Mac OS X 10_12_6) AppleWebKit/537.36 (KHTML, like Gecko) Chrome/63.0.3239.132 Safari/537.36',
     'Upgrade-Insecure-Requests',
     '1',
     'Accept',
     'text/html,application/xhtml+xml,application/xml;q=0.9,image/webp,image/apng,*/*;q=0.8',
     'Accept-Encoding',
     'gzip, deflate, br',
     'Accept-Language',
     'en-US,en;q=0.9',
     'If-None-Match',
     'W/"4-qUqP5cyxm6YcTAhz05Hph5gvu9M"' ],
  trailers: {},
  rawTrailers: [],
  upgrade: false,
  url: '/',
  method: 'GET',
  statusCode: null,
  statusMessage: null,
  client: 
   Socket {
     connecting: false,
     _hadError: false,
     _handle: 
      TCP {
        reading: true,
        owner: [Circular],
        onread: [Function: onread],
        onconnection: null,
        writeQueueSize: 0,
        _consumed: true },
     _parent: null,
     _host: null,
     _readableState: 
      ReadableState {
        objectMode: false,
        highWaterMark: 16384,
        buffer: [BufferList],
        length: 0,
        pipes: null,
        pipesCount: 0,
        flowing: true,
        ended: false,
        endEmitted: false,
        reading: true,
        sync: false,
        needReadable: true,
        emittedReadable: false,
        readableListening: false,
        resumeScheduled: false,
        destroyed: false,
        defaultEncoding: 'utf8',
        awaitDrain: 0,
        readingMore: false,
        decoder: null,
        encoding: null },
     readable: true,
     domain: null,
     _events: 
      { end: [Array],
        finish: [Function: onSocketFinish],
        _socketEnd: [Function: onSocketEnd],
        drain: [Array],
        timeout: [Function: socketOnTimeout],
        data: [Function: bound socketOnData],
        error: [Function: socketOnError],
        close: [Array],
        resume: [Function: onSocketResume],
        pause: [Function: onSocketPause] },
     _eventsCount: 10,
     _maxListeners: undefined,
     _writableState: 
      WritableState {
        objectMode: false,
        highWaterMark: 16384,
        finalCalled: false,
        needDrain: false,
        ending: false,
        ended: false,
        finished: false,
        destroyed: false,
        decodeStrings: false,
        defaultEncoding: 'utf8',
        length: 0,
        writing: false,
        corked: 0,
        sync: false,
        bufferProcessing: false,
        onwrite: [Function: bound onwrite],
        writecb: null,
        writelen: 0,
        bufferedRequest: null,
        lastBufferedRequest: null,
        pendingcb: 1,
        prefinished: false,
        errorEmitted: false,
        bufferedRequestCount: 0,
        corkedRequestsFree: [Object] },
     writable: true,
     allowHalfOpen: true,
     _bytesDispatched: 154,
     _sockname: null,
     _pendingData: null,
     _pendingEncoding: '',
     server: 
      Server {
        domain: null,
        _events: [Object],
        _eventsCount: 2,
        _maxListeners: undefined,
        _connections: 3,
        _handle: [TCP],
        _usingWorkers: false,
        _workers: [],
        _unref: false,
        allowHalfOpen: true,
        pauseOnConnect: false,
        httpAllowHalfOpen: false,
        timeout: 120000,
        keepAliveTimeout: 5000,
        _pendingResponseData: 0,
        maxHeadersCount: null,
        _connectionKey: '6::::5000',
        [Symbol(asyncId)]: 5 },
     _server: 
      Server {
        domain: null,
        _events: [Object],
        _eventsCount: 2,
        _maxListeners: undefined,
        _connections: 3,
        _handle: [TCP],
        _usingWorkers: false,
        _workers: [],
        _unref: false,
        allowHalfOpen: true,
        pauseOnConnect: false,
        httpAllowHalfOpen: false,
        timeout: 120000,
        keepAliveTimeout: 5000,
        _pendingResponseData: 0,
        maxHeadersCount: null,
        _connectionKey: '6::::5000',
        [Symbol(asyncId)]: 5 },
     _idleTimeout: 120000,
     _idleNext: 
      Socket {
        connecting: false,
        _hadError: false,
        _handle: [TCP],
        _parent: null,
        _host: null,
        _readableState: [ReadableState],
        readable: true,
        domain: null,
        _events: [Object],
        _eventsCount: 10,
        _maxListeners: undefined,
        _writableState: [WritableState],
        writable: true,
        allowHalfOpen: true,
        _bytesDispatched: 0,
        _sockname: null,
        _pendingData: null,
        _pendingEncoding: '',
        server: [Server],
        _server: [Server],
        _idleTimeout: 120000,
        _idleNext: [Socket],
        _idlePrev: [Circular],
        _idleStart: 3453,
        _destroyed: false,
        parser: [HTTPParser],
        on: [Function: socketOnWrap],
        _paused: false,
        read: [Function],
        _consuming: true,
        [Symbol(asyncId)]: 19,
        [Symbol(bytesRead)]: 0,
        [Symbol(asyncId)]: 20,
        [Symbol(triggerAsyncId)]: 5 },
     _idlePrev: 
      TimersList {
        _idleNext: [Circular],
        _idlePrev: [Socket],
        _unrefed: true,
        msecs: 120000,
        nextTick: false,
        _timer: [Timer] },
     _idleStart: 3461,
     _destroyed: false,
     parser: 
      HTTPParser {
        '0': [Function: parserOnHeaders],
        '1': [Function: parserOnHeadersComplete],
        '2': [Function: parserOnBody],
        '3': [Function: parserOnMessageComplete],
        '4': [Function: bound onParserExecute],
        _headers: [],
        _url: '',
        _consumed: true,
        socket: [Circular],
        incoming: [Circular],
        outgoing: null,
        maxHeaderPairs: 2000,
        onIncoming: [Function: bound parserOnIncoming] },
     on: [Function: socketOnWrap],
     _paused: false,
     read: [Function],
     _consuming: true,
     _httpMessage: 
      ServerResponse {
        domain: null,
        _events: [Object],
        _eventsCount: 1,
        _maxListeners: undefined,
        output: [],
        outputEncodings: [],
        outputCallbacks: [],
        outputSize: 0,
        writable: true,
        _last: false,
        upgrading: false,
        chunkedEncoding: false,
        shouldKeepAlive: true,
        useChunkedEncodingByDefault: true,
        sendDate: true,
        _removedConnection: false,
        _removedContLen: true,
        _removedTE: true,
        _contentLength: 0,
        _hasBody: false,
        _trailer: '',
        finished: true,
        _headerSent: true,
        socket: [Circular],
        connection: [Circular],
        _header: 'HTTP/1.1 304 Not Modified\r\nX-Powered-By: Express\r\nETag: W/"4-qUqP5cyxm6YcTAhz05Hph5gvu9M"\r\nDate: Thu, 25 Jan 2018 00:36:49 GMT\r\nConnection: keep-alive\r\n\r\n',
        _onPendingData: [Function: bound updateOutgoingData],
        _sent100: false,
        _expect_continue: false,
        req: [Circular],
        locals: {},
        statusCode: 304,
        statusMessage: 'Not Modified',
        [Symbol(outHeadersKey)]: [Object] },
     [Symbol(asyncId)]: 8,
     [Symbol(bytesRead)]: 0,
     [Symbol(asyncId)]: 10,
     [Symbol(triggerAsyncId)]: 5 },
  _consuming: false,
  _dumped: false,
  next: [Function: next],
  baseUrl: '',
  originalUrl: '/',
  _parsedUrl: 
   Url {
     protocol: null,
     slashes: null,
     auth: null,
     host: null,
     port: null,
     hostname: null,
     hash: null,
     search: null,
     query: null,
     pathname: '/',
     path: '/',
     href: '/',
     _raw: '/' },
  params: {},
  query: {},
  res: 
   ServerResponse {
     domain: null,
     _events: { finish: [Function: bound resOnFinish] },
     _eventsCount: 1,
     _maxListeners: undefined,
     output: [],
     outputEncodings: [],
     outputCallbacks: [],
     outputSize: 0,
     writable: true,
     _last: false,
     upgrading: false,
     chunkedEncoding: false,
     shouldKeepAlive: true,
     useChunkedEncodingByDefault: true,
     sendDate: true,
     _removedConnection: false,
     _removedContLen: true,
     _removedTE: true,
     _contentLength: 0,
     _hasBody: false,
     _trailer: '',
     finished: true,
     _headerSent: true,
     socket: 
      Socket {
        connecting: false,
        _hadError: false,
        _handle: [TCP],
        _parent: null,
        _host: null,
        _readableState: [ReadableState],
        readable: true,
        domain: null,
        _events: [Object],
        _eventsCount: 10,
        _maxListeners: undefined,
        _writableState: [WritableState],
        writable: true,
        allowHalfOpen: true,
        _bytesDispatched: 154,
        _sockname: null,
        _pendingData: null,
        _pendingEncoding: '',
        server: [Server],
        _server: [Server],
        _idleTimeout: 120000,
        _idleNext: [Socket],
        _idlePrev: [TimersList],
        _idleStart: 3461,
        _destroyed: false,
        parser: [HTTPParser],
        on: [Function: socketOnWrap],
        _paused: false,
        read: [Function],
        _consuming: true,
        _httpMessage: [Circular],
        [Symbol(asyncId)]: 8,
        [Symbol(bytesRead)]: 0,
        [Symbol(asyncId)]: 10,
        [Symbol(triggerAsyncId)]: 5 },
     connection: 
      Socket {
        connecting: false,
        _hadError: false,
        _handle: [TCP],
        _parent: null,
        _host: null,
        _readableState: [ReadableState],
        readable: true,
        domain: null,
        _events: [Object],
        _eventsCount: 10,
        _maxListeners: undefined,
        _writableState: [WritableState],
        writable: true,
        allowHalfOpen: true,
        _bytesDispatched: 154,
        _sockname: null,
        _pendingData: null,
        _pendingEncoding: '',
        server: [Server],
        _server: [Server],
        _idleTimeout: 120000,
        _idleNext: [Socket],
        _idlePrev: [TimersList],
        _idleStart: 3461,
        _destroyed: false,
        parser: [HTTPParser],
        on: [Function: socketOnWrap],
        _paused: false,
        read: [Function],
        _consuming: true,
        _httpMessage: [Circular],
        [Symbol(asyncId)]: 8,
        [Symbol(bytesRead)]: 0,
        [Symbol(asyncId)]: 10,
        [Symbol(triggerAsyncId)]: 5 },
     _header: 'HTTP/1.1 304 Not Modified\r\nX-Powered-By: Express\r\nETag: W/"4-qUqP5cyxm6YcTAhz05Hph5gvu9M"\r\nDate: Thu, 25 Jan 2018 00:36:49 GMT\r\nConnection: keep-alive\r\n\r\n',
     _onPendingData: [Function: bound updateOutgoingData],
     _sent100: false,
     _expect_continue: false,
     req: [Circular],
     locals: {},
     statusCode: 304,
     statusMessage: 'Not Modified',
     [Symbol(outHeadersKey)]: { 'x-powered-by': [Array], etag: [Array] } },
  route: 
   Route {
     path: '/',
     stack: 
      [ [Layer],
        [Layer],
        [Layer],
        [Layer],
        [Layer],
        [Layer],
        [Layer],
        [Layer],
        [Layer],
        [Layer],
        [Layer],
        [Layer],
        [Layer],
        [Layer],
        [Layer],
        [Layer],
        [Layer],
        [Layer],
        [Layer],
        [Layer],
        [Layer],
        [Layer],
        [Layer],
        [Layer],
        [Layer],
        [Layer],
        [Layer],
        [Layer],
        [Layer],
        [Layer],
        [Layer],
        [Layer],
        [Layer] ],
     methods: 
      { acl: true,
        bind: true,
        checkout: true,
        connect: true,
        copy: true,
        delete: true,
        get: true,
        head: true,
        link: true,
        lock: true,
        'm-search': true,
        merge: true,
        mkactivity: true,
        mkcalendar: true,
        mkcol: true,
        move: true,
        notify: true,
        options: true,
        patch: true,
        post: true,
        propfind: true,
        proppatch: true,
        purge: true,
        put: true,
        rebind: true,
        report: true,
        search: true,
        subscribe: true,
        trace: true,
        unbind: true,
        unlink: true,
        unlock: true,
        unsubscribe: true } } }
-------------------res-------------------
ServerResponse {
  domain: null,
  _events: { finish: [Function: bound resOnFinish] },
  _eventsCount: 1,
  _maxListeners: undefined,
  output: [],
  outputEncodings: [],
  outputCallbacks: [],
  outputSize: 0,
  writable: true,
  _last: false,
  upgrading: false,
  chunkedEncoding: false,
  shouldKeepAlive: true,
  useChunkedEncodingByDefault: true,
  sendDate: true,
  _removedConnection: false,
  _removedContLen: true,
  _removedTE: true,
  _contentLength: 0,
  _hasBody: false,
  _trailer: '',
  finished: true,
  _headerSent: true,
  socket: 
   Socket {
     connecting: false,
     _hadError: false,
     _handle: 
      TCP {
        reading: true,
        owner: [Circular],
        onread: [Function: onread],
        onconnection: null,
        writeQueueSize: 0,
        _consumed: true },
     _parent: null,
     _host: null,
     _readableState: 
      ReadableState {
        objectMode: false,
        highWaterMark: 16384,
        buffer: [BufferList],
        length: 0,
        pipes: null,
        pipesCount: 0,
        flowing: true,
        ended: false,
        endEmitted: false,
        reading: true,
        sync: false,
        needReadable: true,
        emittedReadable: false,
        readableListening: false,
        resumeScheduled: false,
        destroyed: false,
        defaultEncoding: 'utf8',
        awaitDrain: 0,
        readingMore: false,
        decoder: null,
        encoding: null },
     readable: true,
     domain: null,
     _events: 
      { end: [Array],
        finish: [Function: onSocketFinish],
        _socketEnd: [Function: onSocketEnd],
        drain: [Array],
        timeout: [Function: socketOnTimeout],
        data: [Function: bound socketOnData],
        error: [Function: socketOnError],
        close: [Array],
        resume: [Function: onSocketResume],
        pause: [Function: onSocketPause] },
     _eventsCount: 10,
     _maxListeners: undefined,
     _writableState: 
      WritableState {
        objectMode: false,
        highWaterMark: 16384,
        finalCalled: false,
        needDrain: false,
        ending: false,
        ended: false,
        finished: false,
        destroyed: false,
        decodeStrings: false,
        defaultEncoding: 'utf8',
        length: 0,
        writing: false,
        corked: 0,
        sync: false,
        bufferProcessing: false,
        onwrite: [Function: bound onwrite],
        writecb: null,
        writelen: 0,
        bufferedRequest: null,
        lastBufferedRequest: null,
        pendingcb: 1,
        prefinished: false,
        errorEmitted: false,
        bufferedRequestCount: 0,
        corkedRequestsFree: [Object] },
     writable: true,
     allowHalfOpen: true,
     _bytesDispatched: 154,
     _sockname: null,
     _pendingData: null,
     _pendingEncoding: '',
     server: 
      Server {
        domain: null,
        _events: [Object],
        _eventsCount: 2,
        _maxListeners: undefined,
        _connections: 3,
        _handle: [TCP],
        _usingWorkers: false,
        _workers: [],
        _unref: false,
        allowHalfOpen: true,
        pauseOnConnect: false,
        httpAllowHalfOpen: false,
        timeout: 120000,
        keepAliveTimeout: 5000,
        _pendingResponseData: 0,
        maxHeadersCount: null,
        _connectionKey: '6::::5000',
        [Symbol(asyncId)]: 5 },
     _server: 
      Server {
        domain: null,
        _events: [Object],
        _eventsCount: 2,
        _maxListeners: undefined,
        _connections: 3,
        _handle: [TCP],
        _usingWorkers: false,
        _workers: [],
        _unref: false,
        allowHalfOpen: true,
        pauseOnConnect: false,
        httpAllowHalfOpen: false,
        timeout: 120000,
        keepAliveTimeout: 5000,
        _pendingResponseData: 0,
        maxHeadersCount: null,
        _connectionKey: '6::::5000',
        [Symbol(asyncId)]: 5 },
     _idleTimeout: 120000,
     _idleNext: 
      Socket {
        connecting: false,
        _hadError: false,
        _handle: [TCP],
        _parent: null,
        _host: null,
        _readableState: [ReadableState],
        readable: true,
        domain: null,
        _events: [Object],
        _eventsCount: 10,
        _maxListeners: undefined,
        _writableState: [WritableState],
        writable: true,
        allowHalfOpen: true,
        _bytesDispatched: 0,
        _sockname: null,
        _pendingData: null,
        _pendingEncoding: '',
        server: [Server],
        _server: [Server],
        _idleTimeout: 120000,
        _idleNext: [Socket],
        _idlePrev: [Circular],
        _idleStart: 3453,
        _destroyed: false,
        parser: [HTTPParser],
        on: [Function: socketOnWrap],
        _paused: false,
        read: [Function],
        _consuming: true,
        [Symbol(asyncId)]: 19,
        [Symbol(bytesRead)]: 0,
        [Symbol(asyncId)]: 20,
        [Symbol(triggerAsyncId)]: 5 },
     _idlePrev: 
      TimersList {
        _idleNext: [Circular],
        _idlePrev: [Socket],
        _unrefed: true,
        msecs: 120000,
        nextTick: false,
        _timer: [Timer] },
     _idleStart: 3461,
     _destroyed: false,
     parser: 
      HTTPParser {
        '0': [Function: parserOnHeaders],
        '1': [Function: parserOnHeadersComplete],
        '2': [Function: parserOnBody],
        '3': [Function: parserOnMessageComplete],
        '4': [Function: bound onParserExecute],
        _headers: [],
        _url: '',
        _consumed: true,
        socket: [Circular],
        incoming: [IncomingMessage],
        outgoing: null,
        maxHeaderPairs: 2000,
        onIncoming: [Function: bound parserOnIncoming] },
     on: [Function: socketOnWrap],
     _paused: false,
     read: [Function],
     _consuming: true,
     _httpMessage: [Circular],
     [Symbol(asyncId)]: 8,
     [Symbol(bytesRead)]: 0,
     [Symbol(asyncId)]: 10,
     [Symbol(triggerAsyncId)]: 5 },
  connection: 
   Socket {
     connecting: false,
     _hadError: false,
     _handle: 
      TCP {
        reading: true,
        owner: [Circular],
        onread: [Function: onread],
        onconnection: null,
        writeQueueSize: 0,
        _consumed: true },
     _parent: null,
     _host: null,
     _readableState: 
      ReadableState {
        objectMode: false,
        highWaterMark: 16384,
        buffer: [BufferList],
        length: 0,
        pipes: null,
        pipesCount: 0,
        flowing: true,
        ended: false,
        endEmitted: false,
        reading: true,
        sync: false,
        needReadable: true,
        emittedReadable: false,
        readableListening: false,
        resumeScheduled: false,
        destroyed: false,
        defaultEncoding: 'utf8',
        awaitDrain: 0,
        readingMore: false,
        decoder: null,
        encoding: null },
     readable: true,
     domain: null,
     _events: 
      { end: [Array],
        finish: [Function: onSocketFinish],
        _socketEnd: [Function: onSocketEnd],
        drain: [Array],
        timeout: [Function: socketOnTimeout],
        data: [Function: bound socketOnData],
        error: [Function: socketOnError],
        close: [Array],
        resume: [Function: onSocketResume],
        pause: [Function: onSocketPause] },
     _eventsCount: 10,
     _maxListeners: undefined,
     _writableState: 
      WritableState {
        objectMode: false,
        highWaterMark: 16384,
        finalCalled: false,
        needDrain: false,
        ending: false,
        ended: false,
        finished: false,
        destroyed: false,
        decodeStrings: false,
        defaultEncoding: 'utf8',
        length: 0,
        writing: false,
        corked: 0,
        sync: false,
        bufferProcessing: false,
        onwrite: [Function: bound onwrite],
        writecb: null,
        writelen: 0,
        bufferedRequest: null,
        lastBufferedRequest: null,
        pendingcb: 1,
        prefinished: false,
        errorEmitted: false,
        bufferedRequestCount: 0,
        corkedRequestsFree: [Object] },
     writable: true,
     allowHalfOpen: true,
     _bytesDispatched: 154,
     _sockname: null,
     _pendingData: null,
     _pendingEncoding: '',
     server: 
      Server {
        domain: null,
        _events: [Object],
        _eventsCount: 2,
        _maxListeners: undefined,
        _connections: 3,
        _handle: [TCP],
        _usingWorkers: false,
        _workers: [],
        _unref: false,
        allowHalfOpen: true,
        pauseOnConnect: false,
        httpAllowHalfOpen: false,
        timeout: 120000,
        keepAliveTimeout: 5000,
        _pendingResponseData: 0,
        maxHeadersCount: null,
        _connectionKey: '6::::5000',
        [Symbol(asyncId)]: 5 },
     _server: 
      Server {
        domain: null,
        _events: [Object],
        _eventsCount: 2,
        _maxListeners: undefined,
        _connections: 3,
        _handle: [TCP],
        _usingWorkers: false,
        _workers: [],
        _unref: false,
        allowHalfOpen: true,
        pauseOnConnect: false,
        httpAllowHalfOpen: false,
        timeout: 120000,
        keepAliveTimeout: 5000,
        _pendingResponseData: 0,
        maxHeadersCount: null,
        _connectionKey: '6::::5000',
        [Symbol(asyncId)]: 5 },
     _idleTimeout: 120000,
     _idleNext: 
      Socket {
        connecting: false,
        _hadError: false,
        _handle: [TCP],
        _parent: null,
        _host: null,
        _readableState: [ReadableState],
        readable: true,
        domain: null,
        _events: [Object],
        _eventsCount: 10,
        _maxListeners: undefined,
        _writableState: [WritableState],
        writable: true,
        allowHalfOpen: true,
        _bytesDispatched: 0,
        _sockname: null,
        _pendingData: null,
        _pendingEncoding: '',
        server: [Server],
        _server: [Server],
        _idleTimeout: 120000,
        _idleNext: [Socket],
        _idlePrev: [Circular],
        _idleStart: 3453,
        _destroyed: false,
        parser: [HTTPParser],
        on: [Function: socketOnWrap],
        _paused: false,
        read: [Function],
        _consuming: true,
        [Symbol(asyncId)]: 19,
        [Symbol(bytesRead)]: 0,
        [Symbol(asyncId)]: 20,
        [Symbol(triggerAsyncId)]: 5 },
     _idlePrev: 
      TimersList {
        _idleNext: [Circular],
        _idlePrev: [Socket],
        _unrefed: true,
        msecs: 120000,
        nextTick: false,
        _timer: [Timer] },
     _idleStart: 3461,
     _destroyed: false,
     parser: 
      HTTPParser {
        '0': [Function: parserOnHeaders],
        '1': [Function: parserOnHeadersComplete],
        '2': [Function: parserOnBody],
        '3': [Function: parserOnMessageComplete],
        '4': [Function: bound onParserExecute],
        _headers: [],
        _url: '',
        _consumed: true,
        socket: [Circular],
        incoming: [IncomingMessage],
        outgoing: null,
        maxHeaderPairs: 2000,
        onIncoming: [Function: bound parserOnIncoming] },
     on: [Function: socketOnWrap],
     _paused: false,
     read: [Function],
     _consuming: true,
     _httpMessage: [Circular],
     [Symbol(asyncId)]: 8,
     [Symbol(bytesRead)]: 0,
     [Symbol(asyncId)]: 10,
     [Symbol(triggerAsyncId)]: 5 },
  _header: 'HTTP/1.1 304 Not Modified\r\nX-Powered-By: Express\r\nETag: W/"4-qUqP5cyxm6YcTAhz05Hph5gvu9M"\r\nDate: Thu, 25 Jan 2018 00:36:49 GMT\r\nConnection: keep-alive\r\n\r\n',
  _onPendingData: [Function: bound updateOutgoingData],
  _sent100: false,
  _expect_continue: false,
  req: 
   IncomingMessage {
     _readableState: 
      ReadableState {
        objectMode: false,
        highWaterMark: 16384,
        buffer: [BufferList],
        length: 0,
        pipes: null,
        pipesCount: 0,
        flowing: null,
        ended: false,
        endEmitted: false,
        reading: false,
        sync: true,
        needReadable: false,
        emittedReadable: false,
        readableListening: false,
        resumeScheduled: false,
        destroyed: false,
        defaultEncoding: 'utf8',
        awaitDrain: 0,
        readingMore: true,
        decoder: null,
        encoding: null },
     readable: true,
     domain: null,
     _events: {},
     _eventsCount: 0,
     _maxListeners: undefined,
     socket: 
      Socket {
        connecting: false,
        _hadError: false,
        _handle: [TCP],
        _parent: null,
        _host: null,
        _readableState: [ReadableState],
        readable: true,
        domain: null,
        _events: [Object],
        _eventsCount: 10,
        _maxListeners: undefined,
        _writableState: [WritableState],
        writable: true,
        allowHalfOpen: true,
        _bytesDispatched: 154,
        _sockname: null,
        _pendingData: null,
        _pendingEncoding: '',
        server: [Server],
        _server: [Server],
        _idleTimeout: 120000,
        _idleNext: [Socket],
        _idlePrev: [TimersList],
        _idleStart: 3461,
        _destroyed: false,
        parser: [HTTPParser],
        on: [Function: socketOnWrap],
        _paused: false,
        read: [Function],
        _consuming: true,
        _httpMessage: [Circular],
        [Symbol(asyncId)]: 8,
        [Symbol(bytesRead)]: 0,
        [Symbol(asyncId)]: 10,
        [Symbol(triggerAsyncId)]: 5 },
     connection: 
      Socket {
        connecting: false,
        _hadError: false,
        _handle: [TCP],
        _parent: null,
        _host: null,
        _readableState: [ReadableState],
        readable: true,
        domain: null,
        _events: [Object],
        _eventsCount: 10,
        _maxListeners: undefined,
        _writableState: [WritableState],
        writable: true,
        allowHalfOpen: true,
        _bytesDispatched: 154,
        _sockname: null,
        _pendingData: null,
        _pendingEncoding: '',
        server: [Server],
        _server: [Server],
        _idleTimeout: 120000,
        _idleNext: [Socket],
        _idlePrev: [TimersList],
        _idleStart: 3461,
        _destroyed: false,
        parser: [HTTPParser],
        on: [Function: socketOnWrap],
        _paused: false,
        read: [Function],
        _consuming: true,
        _httpMessage: [Circular],
        [Symbol(asyncId)]: 8,
        [Symbol(bytesRead)]: 0,
        [Symbol(asyncId)]: 10,
        [Symbol(triggerAsyncId)]: 5 },
     httpVersionMajor: 1,
     httpVersionMinor: 1,
     httpVersion: '1.1',
     complete: false,
     headers: 
      { host: 'localhost:5000',
        connection: 'keep-alive',
        'cache-control': 'max-age=0',
        'user-agent': 'Mozilla/5.0 (Macintosh; Intel Mac OS X 10_12_6) AppleWebKit/537.36 (KHTML, like Gecko) Chrome/63.0.3239.132 Safari/537.36',
        'upgrade-insecure-requests': '1',
        accept: 'text/html,application/xhtml+xml,application/xml;q=0.9,image/webp,image/apng,*/*;q=0.8',
        'accept-encoding': 'gzip, deflate, br',
        'accept-language': 'en-US,en;q=0.9',
        'if-none-match': 'W/"4-qUqP5cyxm6YcTAhz05Hph5gvu9M"' },
     rawHeaders: 
      [ 'Host',
        'localhost:5000',
        'Connection',
        'keep-alive',
        'Cache-Control',
        'max-age=0',
        'User-Agent',
        'Mozilla/5.0 (Macintosh; Intel Mac OS X 10_12_6) AppleWebKit/537.36 (KHTML, like Gecko) Chrome/63.0.3239.132 Safari/537.36',
        'Upgrade-Insecure-Requests',
        '1',
        'Accept',
        'text/html,application/xhtml+xml,application/xml;q=0.9,image/webp,image/apng,*/*;q=0.8',
        'Accept-Encoding',
        'gzip, deflate, br',
        'Accept-Language',
        'en-US,en;q=0.9',
        'If-None-Match',
        'W/"4-qUqP5cyxm6YcTAhz05Hph5gvu9M"' ],
     trailers: {},
     rawTrailers: [],
     upgrade: false,
     url: '/',
     method: 'GET',
     statusCode: null,
     statusMessage: null,
     client: 
      Socket {
        connecting: false,
        _hadError: false,
        _handle: [TCP],
        _parent: null,
        _host: null,
        _readableState: [ReadableState],
        readable: true,
        domain: null,
        _events: [Object],
        _eventsCount: 10,
        _maxListeners: undefined,
        _writableState: [WritableState],
        writable: true,
        allowHalfOpen: true,
        _bytesDispatched: 154,
        _sockname: null,
        _pendingData: null,
        _pendingEncoding: '',
        server: [Server],
        _server: [Server],
        _idleTimeout: 120000,
        _idleNext: [Socket],
        _idlePrev: [TimersList],
        _idleStart: 3461,
        _destroyed: false,
        parser: [HTTPParser],
        on: [Function: socketOnWrap],
        _paused: false,
        read: [Function],
        _consuming: true,
        _httpMessage: [Circular],
        [Symbol(asyncId)]: 8,
        [Symbol(bytesRead)]: 0,
        [Symbol(asyncId)]: 10,
        [Symbol(triggerAsyncId)]: 5 },
     _consuming: false,
     _dumped: false,
     next: [Function: next],
     baseUrl: '',
     originalUrl: '/',
     _parsedUrl: 
      Url {
        protocol: null,
        slashes: null,
        auth: null,
        host: null,
        port: null,
        hostname: null,
        hash: null,
        search: null,
        query: null,
        pathname: '/',
        path: '/',
        href: '/',
        _raw: '/' },
     params: {},
     query: {},
     res: [Circular],
     route: Route { path: '/', stack: [Array], methods: [Object] } },
  locals: {},
  statusCode: 304,
  statusMessage: 'Not Modified',
  [Symbol(outHeadersKey)]: 
   { 'x-powered-by': [ 'X-Powered-By', 'Express' ],
     etag: [ 'ETag', 'W/"4-qUqP5cyxm6YcTAhz05Hph5gvu9M"' ] } }
